<?xml version="1.0" encoding="UTF-8"?>
<!-- Generated by org.testng.reporters.JUnitXMLReporter -->
<testsuite hostname="WKWGB2257697" ignored="0" name="Default test" tests="4" failures="0" timestamp="03 Oct 2019 12:13:38 GMT" time="0.317" errors="0">
  <testcase name="testMainMock" time="0.019" classname="com.sapient.learning.MainTests"/>
  <testcase name="testMainMockWithStub" time="0.013" classname="com.sapient.learning.MainTests"/>
  <testcase name="testMainSpy" time="0.023" classname="com.sapient.learning.MainTests"/>
  <testcase name="testMainSpyWithStub" time="0.004" classname="com.sapient.learning.MainTests"/>
</testsuite> <!-- Default test -->
