<?xml version="1.0" encoding="UTF-8"?>
<testng-results skipped="0" failed="0" ignored="0" total="4" passed="4">
  <reporter-output>
  </reporter-output>
  <suite name="Default suite" duration-ms="317" started-at="2019-10-03T12:13:38Z" finished-at="2019-10-03T12:13:38Z">
    <groups>
    </groups>
    <test name="Default test" duration-ms="317" started-at="2019-10-03T12:13:38Z" finished-at="2019-10-03T12:13:38Z">
      <class name="com.sapient.learning.MainTests">
        <test-method status="PASS" signature="init()[pri:0, instance:com.sapient.learning.MainTests@36d4b5c]" name="init" is-config="true" duration-ms="202" started-at="2019-10-03T12:13:38Z" finished-at="2019-10-03T12:13:38Z">
          <reporter-output>
          </reporter-output>
        </test-method> <!-- init -->
        <test-method status="PASS" signature="testMainMock()[pri:0, instance:com.sapient.learning.MainTests@36d4b5c]" name="testMainMock" duration-ms="19" started-at="2019-10-03T12:13:38Z" finished-at="2019-10-03T12:13:38Z">
          <reporter-output>
          </reporter-output>
        </test-method> <!-- testMainMock -->
        <test-method status="PASS" signature="init()[pri:0, instance:com.sapient.learning.MainTests@36d4b5c]" name="init" is-config="true" duration-ms="1" started-at="2019-10-03T12:13:38Z" finished-at="2019-10-03T12:13:38Z">
          <reporter-output>
          </reporter-output>
        </test-method> <!-- init -->
        <test-method status="PASS" signature="testMainMockWithStub()[pri:0, instance:com.sapient.learning.MainTests@36d4b5c]" name="testMainMockWithStub" duration-ms="13" started-at="2019-10-03T12:13:38Z" finished-at="2019-10-03T12:13:38Z">
          <reporter-output>
          </reporter-output>
        </test-method> <!-- testMainMockWithStub -->
        <test-method status="PASS" signature="init()[pri:0, instance:com.sapient.learning.MainTests@36d4b5c]" name="init" is-config="true" duration-ms="1" started-at="2019-10-03T12:13:38Z" finished-at="2019-10-03T12:13:38Z">
          <reporter-output>
          </reporter-output>
        </test-method> <!-- init -->
        <test-method status="PASS" signature="testMainSpy()[pri:0, instance:com.sapient.learning.MainTests@36d4b5c]" name="testMainSpy" duration-ms="23" started-at="2019-10-03T12:13:38Z" finished-at="2019-10-03T12:13:38Z">
          <reporter-output>
          </reporter-output>
        </test-method> <!-- testMainSpy -->
        <test-method status="PASS" signature="init()[pri:0, instance:com.sapient.learning.MainTests@36d4b5c]" name="init" is-config="true" duration-ms="1" started-at="2019-10-03T12:13:38Z" finished-at="2019-10-03T12:13:38Z">
          <reporter-output>
          </reporter-output>
        </test-method> <!-- init -->
        <test-method status="PASS" signature="testMainSpyWithStub()[pri:0, instance:com.sapient.learning.MainTests@36d4b5c]" name="testMainSpyWithStub" duration-ms="4" started-at="2019-10-03T12:13:38Z" finished-at="2019-10-03T12:13:38Z">
          <reporter-output>
          </reporter-output>
        </test-method> <!-- testMainSpyWithStub -->
      </class> <!-- com.sapient.learning.MainTests -->
    </test> <!-- Default test -->
  </suite> <!-- Default suite -->
</testng-results>
